[2024-11-06 23:31:13] local.ERROR: SQLSTATE[HY000] [1045] Access denied for user 'root'@'localhost' (using password: YES) (Connection: mysql, SQL: select exists (select 1 from information_schema.tables where table_schema = 'laravel' and table_name = 'migrations' and table_type in ('BASE TABLE', 'SYSTEM VERSIONED')) as `exists`) {"exception":"[object] (Illuminate\\Database\\QueryException(code: 1045): SQLSTATE[HY000] [1045] Access denied for user 'root'@'localhost' (using password: YES) (Connection: mysql, SQL: select exists (select 1 from information_schema.tables where table_schema = 'laravel' and table_name = 'migrations' and table_type in ('BASE TABLE', 'SYSTEM VERSIONED')) as `exists`) at C:\\Users\\fjh23\\Desktop\\School\\Year 2 Semester 1\\ITE 5330 php\\Lab9\\inventory-management\\vendor\\laravel\\framework\\src\\Illuminate\\Database\\Connection.php:825)
[stacktrace]
#0 C:\\Users\\fjh23\\Desktop\\School\\Year 2 Semester 1\\ITE 5330 php\\Lab9\\inventory-management\\vendor\\laravel\\framework\\src\\Illuminate\\Database\\Connection.php(779): Illuminate\\Database\\Connection->runQueryCallback('select exists (...', Array, Object(Closure))
#1 C:\\Users\\fjh23\\Desktop\\School\\Year 2 Semester 1\\ITE 5330 php\\Lab9\\inventory-management\\vendor\\laravel\\framework\\src\\Illuminate\\Database\\Connection.php(398): Illuminate\\Database\\Connection->run('select exists (...', Array, Object(Closure))
#2 C:\\Users\\fjh23\\Desktop\\School\\Year 2 Semester 1\\ITE 5330 php\\Lab9\\inventory-management\\vendor\\laravel\\framework\\src\\Illuminate\\Database\\Connection.php(344): Illuminate\\Database\\Connection->select('select exists (...', Array, true)
#3 C:\\Users\\fjh23\\Desktop\\School\\Year 2 Semester 1\\ITE 5330 php\\Lab9\\inventory-management\\vendor\\laravel\\framework\\src\\Illuminate\\Database\\Connection.php(361): Illuminate\\Database\\Connection->selectOne('select exists (...', Array, true)
#4 C:\\Users\\fjh23\\Desktop\\School\\Year 2 Semester 1\\ITE 5330 php\\Lab9\\inventory-management\\vendor\\laravel\\framework\\src\\Illuminate\\Database\\Schema\\MySqlBuilder.php(45): Illuminate\\Database\\Connection->scalar('select exists (...')
#5 C:\\Users\\fjh23\\Desktop\\School\\Year 2 Semester 1\\ITE 5330 php\\Lab9\\inventory-management\\vendor\\laravel\\framework\\src\\Illuminate\\Database\\Migrations\\DatabaseMigrationRepository.php(184): Illuminate\\Database\\Schema\\MySqlBuilder->hasTable('migrations')
#6 C:\\Users\\fjh23\\Desktop\\School\\Year 2 Semester 1\\ITE 5330 php\\Lab9\\inventory-management\\vendor\\laravel\\framework\\src\\Illuminate\\Database\\Migrations\\Migrator.php(680): Illuminate\\Database\\Migrations\\DatabaseMigrationRepository->repositoryExists()
#7 C:\\Users\\fjh23\\Desktop\\School\\Year 2 Semester 1\\ITE 5330 php\\Lab9\\inventory-management\\vendor\\laravel\\framework\\src\\Illuminate\\Database\\Console\\Migrations\\MigrateCommand.php(164): Illuminate\\Database\\Migrations\\Migrator->repositoryExists()
#8 C:\\Users\\fjh23\\Desktop\\School\\Year 2 Semester 1\\ITE 5330 php\\Lab9\\inventory-management\\vendor\\laravel\\framework\\src\\Illuminate\\Support\\helpers.php(319): Illuminate\\Database\\Console\\Migrations\\MigrateCommand->Illuminate\\Database\\Console\\Migrations\\{closure}(1)
#9 C:\\Users\\fjh23\\Desktop\\School\\Year 2 Semester 1\\ITE 5330 php\\Lab9\\inventory-management\\vendor\\laravel\\framework\\src\\Illuminate\\Database\\Console\\Migrations\\MigrateCommand.php(164): retry(1, Object(Closure), 0, Object(Closure))
#10 C:\\Users\\fjh23\\Desktop\\School\\Year 2 Semester 1\\ITE 5330 php\\Lab9\\inventory-management\\vendor\\laravel\\framework\\src\\Illuminate\\Database\\Console\\Migrations\\MigrateCommand.php(140): Illuminate\\Database\\Console\\Migrations\\MigrateCommand->repositoryExists()
#11 C:\\Users\\fjh23\\Desktop\\School\\Year 2 Semester 1\\ITE 5330 php\\Lab9\\inventory-management\\vendor\\laravel\\framework\\src\\Illuminate\\Database\\Console\\Migrations\\MigrateCommand.php(110): Illuminate\\Database\\Console\\Migrations\\MigrateCommand->prepareDatabase()
#12 C:\\Users\\fjh23\\Desktop\\School\\Year 2 Semester 1\\ITE 5330 php\\Lab9\\inventory-management\\vendor\\laravel\\framework\\src\\Illuminate\\Database\\Migrations\\Migrator.php(615): Illuminate\\Database\\Console\\Migrations\\MigrateCommand->Illuminate\\Database\\Console\\Migrations\\{closure}()
#13 C:\\Users\\fjh23\\Desktop\\School\\Year 2 Semester 1\\ITE 5330 php\\Lab9\\inventory-management\\vendor\\laravel\\framework\\src\\Illuminate\\Database\\Console\\Migrations\\MigrateCommand.php(109): Illuminate\\Database\\Migrations\\Migrator->usingConnection(NULL, Object(Closure))
#14 C:\\Users\\fjh23\\Desktop\\School\\Year 2 Semester 1\\ITE 5330 php\\Lab9\\inventory-management\\vendor\\laravel\\framework\\src\\Illuminate\\Database\\Console\\Migrations\\MigrateCommand.php(88): Illuminate\\Database\\Console\\Migrations\\MigrateCommand->runMigrations()
#15 C:\\Users\\fjh23\\Desktop\\School\\Year 2 Semester 1\\ITE 5330 php\\Lab9\\inventory-management\\vendor\\laravel\\framework\\src\\Illuminate\\Container\\BoundMethod.php(36): Illuminate\\Database\\Console\\Migrations\\MigrateCommand->handle()
#16 C:\\Users\\fjh23\\Desktop\\School\\Year 2 Semester 1\\ITE 5330 php\\Lab9\\inventory-management\\vendor\\laravel\\framework\\src\\Illuminate\\Container\\Util.php(43): Illuminate\\Container\\BoundMethod::Illuminate\\Container\\{closure}()
#17 C:\\Users\\fjh23\\Desktop\\School\\Year 2 Semester 1\\ITE 5330 php\\Lab9\\inventory-management\\vendor\\laravel\\framework\\src\\Illuminate\\Container\\BoundMethod.php(95): Illuminate\\Container\\Util::unwrapIfClosure(Object(Closure))
#18 C:\\Users\\fjh23\\Desktop\\School\\Year 2 Semester 1\\ITE 5330 php\\Lab9\\inventory-management\\vendor\\laravel\\framework\\src\\Illuminate\\Container\\BoundMethod.php(35): Illuminate\\Container\\BoundMethod::callBoundMethod(Object(Illuminate\\Foundation\\Application), Array, Object(Closure))
#19 C:\\Users\\fjh23\\Desktop\\School\\Year 2 Semester 1\\ITE 5330 php\\Lab9\\inventory-management\\vendor\\laravel\\framework\\src\\Illuminate\\Container\\Container.php(690): Illuminate\\Container\\BoundMethod::call(Object(Illuminate\\Foundation\\Application), Array, Array, NULL)
#20 C:\\Users\\fjh23\\Desktop\\School\\Year 2 Semester 1\\ITE 5330 php\\Lab9\\inventory-management\\vendor\\laravel\\framework\\src\\Illuminate\\Console\\Command.php(213): Illuminate\\Container\\Container->call(Array)
#21 C:\\Users\\fjh23\\Desktop\\School\\Year 2 Semester 1\\ITE 5330 php\\Lab9\\inventory-management\\vendor\\symfony\\console\\Command\\Command.php(279): Illuminate\\Console\\Command->execute(Object(Symfony\\Component\\Console\\Input\\ArgvInput), Object(Illuminate\\Console\\OutputStyle))
#22 C:\\Users\\fjh23\\Desktop\\School\\Year 2 Semester 1\\ITE 5330 php\\Lab9\\inventory-management\\vendor\\laravel\\framework\\src\\Illuminate\\Console\\Command.php(182): Symfony\\Component\\Console\\Command\\Command->run(Object(Symfony\\Component\\Console\\Input\\ArgvInput), Object(Illuminate\\Console\\OutputStyle))
#23 C:\\Users\\fjh23\\Desktop\\School\\Year 2 Semester 1\\ITE 5330 php\\Lab9\\inventory-management\\vendor\\symfony\\console\\Application.php(1047): Illuminate\\Console\\Command->run(Object(Symfony\\Component\\Console\\Input\\ArgvInput), Object(Symfony\\Component\\Console\\Output\\ConsoleOutput))
#24 C:\\Users\\fjh23\\Desktop\\School\\Year 2 Semester 1\\ITE 5330 php\\Lab9\\inventory-management\\vendor\\symfony\\console\\Application.php(316): Symfony\\Component\\Console\\Application->doRunCommand(Object(Illuminate\\Database\\Console\\Migrations\\MigrateCommand), Object(Symfony\\Component\\Console\\Input\\ArgvInput), Object(Symfony\\Component\\Console\\Output\\ConsoleOutput))
#25 C:\\Users\\fjh23\\Desktop\\School\\Year 2 Semester 1\\ITE 5330 php\\Lab9\\inventory-management\\vendor\\symfony\\console\\Application.php(167): Symfony\\Component\\Console\\Application->doRun(Object(Symfony\\Component\\Console\\Input\\ArgvInput), Object(Symfony\\Component\\Console\\Output\\ConsoleOutput))
#26 C:\\Users\\fjh23\\Desktop\\School\\Year 2 Semester 1\\ITE 5330 php\\Lab9\\inventory-management\\vendor\\laravel\\framework\\src\\Illuminate\\Foundation\\Console\\Kernel.php(197): Symfony\\Component\\Console\\Application->run(Object(Symfony\\Component\\Console\\Input\\ArgvInput), Object(Symfony\\Component\\Console\\Output\\ConsoleOutput))
#27 C:\\Users\\fjh23\\Desktop\\School\\Year 2 Semester 1\\ITE 5330 php\\Lab9\\inventory-management\\vendor\\laravel\\framework\\src\\Illuminate\\Foundation\\Application.php(1203): Illuminate\\Foundation\\Console\\Kernel->handle(Object(Symfony\\Component\\Console\\Input\\ArgvInput), Object(Symfony\\Component\\Console\\Output\\ConsoleOutput))
#28 C:\\Users\\fjh23\\Desktop\\School\\Year 2 Semester 1\\ITE 5330 php\\Lab9\\inventory-management\\artisan(13): Illuminate\\Foundation\\Application->handleCommand(Object(Symfony\\Component\\Console\\Input\\ArgvInput))
#29 {main}

[previous exception] [object] (PDOException(code: 1045): SQLSTATE[HY000] [1045] Access denied for user 'root'@'localhost' (using password: YES) at C:\\Users\\fjh23\\Desktop\\School\\Year 2 Semester 1\\ITE 5330 php\\Lab9\\inventory-management\\vendor\\laravel\\framework\\src\\Illuminate\\Database\\Connectors\\Connector.php:66)
[stacktrace]
#0 C:\\Users\\fjh23\\Desktop\\School\\Year 2 Semester 1\\ITE 5330 php\\Lab9\\inventory-management\\vendor\\laravel\\framework\\src\\Illuminate\\Database\\Connectors\\Connector.php(66): PDO->__construct('mysql:host=127....', 'root', Object(SensitiveParameterValue), Array)
#1 C:\\Users\\fjh23\\Desktop\\School\\Year 2 Semester 1\\ITE 5330 php\\Lab9\\inventory-management\\vendor\\laravel\\framework\\src\\Illuminate\\Database\\Connectors\\Connector.php(44): Illuminate\\Database\\Connectors\\Connector->createPdoConnection('mysql:host=127....', 'root', '223', Array)
#2 C:\\Users\\fjh23\\Desktop\\School\\Year 2 Semester 1\\ITE 5330 php\\Lab9\\inventory-management\\vendor\\laravel\\framework\\src\\Illuminate\\Database\\Connectors\\MySqlConnector.php(24): Illuminate\\Database\\Connectors\\Connector->createConnection('mysql:host=127....', Array, Array)
#3 C:\\Users\\fjh23\\Desktop\\School\\Year 2 Semester 1\\ITE 5330 php\\Lab9\\inventory-management\\vendor\\laravel\\framework\\src\\Illuminate\\Database\\Connectors\\ConnectionFactory.php(185): Illuminate\\Database\\Connectors\\MySqlConnector->connect(Array)
#4 [internal function]: Illuminate\\Database\\Connectors\\ConnectionFactory->Illuminate\\Database\\Connectors\\{closure}()
#5 C:\\Users\\fjh23\\Desktop\\School\\Year 2 Semester 1\\ITE 5330 php\\Lab9\\inventory-management\\vendor\\laravel\\framework\\src\\Illuminate\\Database\\Connection.php(1231): call_user_func(Object(Closure))
#6 C:\\Users\\fjh23\\Desktop\\School\\Year 2 Semester 1\\ITE 5330 php\\Lab9\\inventory-management\\vendor\\laravel\\framework\\src\\Illuminate\\Database\\Connection.php(1267): Illuminate\\Database\\Connection->getPdo()
#7 C:\\Users\\fjh23\\Desktop\\School\\Year 2 Semester 1\\ITE 5330 php\\Lab9\\inventory-management\\vendor\\laravel\\framework\\src\\Illuminate\\Database\\Connection.php(512): Illuminate\\Database\\Connection->getReadPdo()
#8 C:\\Users\\fjh23\\Desktop\\School\\Year 2 Semester 1\\ITE 5330 php\\Lab9\\inventory-management\\vendor\\laravel\\framework\\src\\Illuminate\\Database\\Connection.php(407): Illuminate\\Database\\Connection->getPdoForSelect(true)
#9 C:\\Users\\fjh23\\Desktop\\School\\Year 2 Semester 1\\ITE 5330 php\\Lab9\\inventory-management\\vendor\\laravel\\framework\\src\\Illuminate\\Database\\Connection.php(812): Illuminate\\Database\\Connection->Illuminate\\Database\\{closure}('select exists (...', Array)
#10 C:\\Users\\fjh23\\Desktop\\School\\Year 2 Semester 1\\ITE 5330 php\\Lab9\\inventory-management\\vendor\\laravel\\framework\\src\\Illuminate\\Database\\Connection.php(779): Illuminate\\Database\\Connection->runQueryCallback('select exists (...', Array, Object(Closure))
#11 C:\\Users\\fjh23\\Desktop\\School\\Year 2 Semester 1\\ITE 5330 php\\Lab9\\inventory-management\\vendor\\laravel\\framework\\src\\Illuminate\\Database\\Connection.php(398): Illuminate\\Database\\Connection->run('select exists (...', Array, Object(Closure))
#12 C:\\Users\\fjh23\\Desktop\\School\\Year 2 Semester 1\\ITE 5330 php\\Lab9\\inventory-management\\vendor\\laravel\\framework\\src\\Illuminate\\Database\\Connection.php(344): Illuminate\\Database\\Connection->select('select exists (...', Array, true)
#13 C:\\Users\\fjh23\\Desktop\\School\\Year 2 Semester 1\\ITE 5330 php\\Lab9\\inventory-management\\vendor\\laravel\\framework\\src\\Illuminate\\Database\\Connection.php(361): Illuminate\\Database\\Connection->selectOne('select exists (...', Array, true)
#14 C:\\Users\\fjh23\\Desktop\\School\\Year 2 Semester 1\\ITE 5330 php\\Lab9\\inventory-management\\vendor\\laravel\\framework\\src\\Illuminate\\Database\\Schema\\MySqlBuilder.php(45): Illuminate\\Database\\Connection->scalar('select exists (...')
#15 C:\\Users\\fjh23\\Desktop\\School\\Year 2 Semester 1\\ITE 5330 php\\Lab9\\inventory-management\\vendor\\laravel\\framework\\src\\Illuminate\\Database\\Migrations\\DatabaseMigrationRepository.php(184): Illuminate\\Database\\Schema\\MySqlBuilder->hasTable('migrations')
#16 C:\\Users\\fjh23\\Desktop\\School\\Year 2 Semester 1\\ITE 5330 php\\Lab9\\inventory-management\\vendor\\laravel\\framework\\src\\Illuminate\\Database\\Migrations\\Migrator.php(680): Illuminate\\Database\\Migrations\\DatabaseMigrationRepository->repositoryExists()
#17 C:\\Users\\fjh23\\Desktop\\School\\Year 2 Semester 1\\ITE 5330 php\\Lab9\\inventory-management\\vendor\\laravel\\framework\\src\\Illuminate\\Database\\Console\\Migrations\\MigrateCommand.php(164): Illuminate\\Database\\Migrations\\Migrator->repositoryExists()
#18 C:\\Users\\fjh23\\Desktop\\School\\Year 2 Semester 1\\ITE 5330 php\\Lab9\\inventory-management\\vendor\\laravel\\framework\\src\\Illuminate\\Support\\helpers.php(319): Illuminate\\Database\\Console\\Migrations\\MigrateCommand->Illuminate\\Database\\Console\\Migrations\\{closure}(1)
#19 C:\\Users\\fjh23\\Desktop\\School\\Year 2 Semester 1\\ITE 5330 php\\Lab9\\inventory-management\\vendor\\laravel\\framework\\src\\Illuminate\\Database\\Console\\Migrations\\MigrateCommand.php(164): retry(1, Object(Closure), 0, Object(Closure))
#20 C:\\Users\\fjh23\\Desktop\\School\\Year 2 Semester 1\\ITE 5330 php\\Lab9\\inventory-management\\vendor\\laravel\\framework\\src\\Illuminate\\Database\\Console\\Migrations\\MigrateCommand.php(140): Illuminate\\Database\\Console\\Migrations\\MigrateCommand->repositoryExists()
#21 C:\\Users\\fjh23\\Desktop\\School\\Year 2 Semester 1\\ITE 5330 php\\Lab9\\inventory-management\\vendor\\laravel\\framework\\src\\Illuminate\\Database\\Console\\Migrations\\MigrateCommand.php(110): Illuminate\\Database\\Console\\Migrations\\MigrateCommand->prepareDatabase()
#22 C:\\Users\\fjh23\\Desktop\\School\\Year 2 Semester 1\\ITE 5330 php\\Lab9\\inventory-management\\vendor\\laravel\\framework\\src\\Illuminate\\Database\\Migrations\\Migrator.php(615): Illuminate\\Database\\Console\\Migrations\\MigrateCommand->Illuminate\\Database\\Console\\Migrations\\{closure}()
#23 C:\\Users\\fjh23\\Desktop\\School\\Year 2 Semester 1\\ITE 5330 php\\Lab9\\inventory-management\\vendor\\laravel\\framework\\src\\Illuminate\\Database\\Console\\Migrations\\MigrateCommand.php(109): Illuminate\\Database\\Migrations\\Migrator->usingConnection(NULL, Object(Closure))
#24 C:\\Users\\fjh23\\Desktop\\School\\Year 2 Semester 1\\ITE 5330 php\\Lab9\\inventory-management\\vendor\\laravel\\framework\\src\\Illuminate\\Database\\Console\\Migrations\\MigrateCommand.php(88): Illuminate\\Database\\Console\\Migrations\\MigrateCommand->runMigrations()
#25 C:\\Users\\fjh23\\Desktop\\School\\Year 2 Semester 1\\ITE 5330 php\\Lab9\\inventory-management\\vendor\\laravel\\framework\\src\\Illuminate\\Container\\BoundMethod.php(36): Illuminate\\Database\\Console\\Migrations\\MigrateCommand->handle()
#26 C:\\Users\\fjh23\\Desktop\\School\\Year 2 Semester 1\\ITE 5330 php\\Lab9\\inventory-management\\vendor\\laravel\\framework\\src\\Illuminate\\Container\\Util.php(43): Illuminate\\Container\\BoundMethod::Illuminate\\Container\\{closure}()
#27 C:\\Users\\fjh23\\Desktop\\School\\Year 2 Semester 1\\ITE 5330 php\\Lab9\\inventory-management\\vendor\\laravel\\framework\\src\\Illuminate\\Container\\BoundMethod.php(95): Illuminate\\Container\\Util::unwrapIfClosure(Object(Closure))
#28 C:\\Users\\fjh23\\Desktop\\School\\Year 2 Semester 1\\ITE 5330 php\\Lab9\\inventory-management\\vendor\\laravel\\framework\\src\\Illuminate\\Container\\BoundMethod.php(35): Illuminate\\Container\\BoundMethod::callBoundMethod(Object(Illuminate\\Foundation\\Application), Array, Object(Closure))
#29 C:\\Users\\fjh23\\Desktop\\School\\Year 2 Semester 1\\ITE 5330 php\\Lab9\\inventory-management\\vendor\\laravel\\framework\\src\\Illuminate\\Container\\Container.php(690): Illuminate\\Container\\BoundMethod::call(Object(Illuminate\\Foundation\\Application), Array, Array, NULL)
#30 C:\\Users\\fjh23\\Desktop\\School\\Year 2 Semester 1\\ITE 5330 php\\Lab9\\inventory-management\\vendor\\laravel\\framework\\src\\Illuminate\\Console\\Command.php(213): Illuminate\\Container\\Container->call(Array)
#31 C:\\Users\\fjh23\\Desktop\\School\\Year 2 Semester 1\\ITE 5330 php\\Lab9\\inventory-management\\vendor\\symfony\\console\\Command\\Command.php(279): Illuminate\\Console\\Command->execute(Object(Symfony\\Component\\Console\\Input\\ArgvInput), Object(Illuminate\\Console\\OutputStyle))
#32 C:\\Users\\fjh23\\Desktop\\School\\Year 2 Semester 1\\ITE 5330 php\\Lab9\\inventory-management\\vendor\\laravel\\framework\\src\\Illuminate\\Console\\Command.php(182): Symfony\\Component\\Console\\Command\\Command->run(Object(Symfony\\Component\\Console\\Input\\ArgvInput), Object(Illuminate\\Console\\OutputStyle))
#33 C:\\Users\\fjh23\\Desktop\\School\\Year 2 Semester 1\\ITE 5330 php\\Lab9\\inventory-management\\vendor\\symfony\\console\\Application.php(1047): Illuminate\\Console\\Command->run(Object(Symfony\\Component\\Console\\Input\\ArgvInput), Object(Symfony\\Component\\Console\\Output\\ConsoleOutput))
#34 C:\\Users\\fjh23\\Desktop\\School\\Year 2 Semester 1\\ITE 5330 php\\Lab9\\inventory-management\\vendor\\symfony\\console\\Application.php(316): Symfony\\Component\\Console\\Application->doRunCommand(Object(Illuminate\\Database\\Console\\Migrations\\MigrateCommand), Object(Symfony\\Component\\Console\\Input\\ArgvInput), Object(Symfony\\Component\\Console\\Output\\ConsoleOutput))
#35 C:\\Users\\fjh23\\Desktop\\School\\Year 2 Semester 1\\ITE 5330 php\\Lab9\\inventory-management\\vendor\\symfony\\console\\Application.php(167): Symfony\\Component\\Console\\Application->doRun(Object(Symfony\\Component\\Console\\Input\\ArgvInput), Object(Symfony\\Component\\Console\\Output\\ConsoleOutput))
#36 C:\\Users\\fjh23\\Desktop\\School\\Year 2 Semester 1\\ITE 5330 php\\Lab9\\inventory-management\\vendor\\laravel\\framework\\src\\Illuminate\\Foundation\\Console\\Kernel.php(197): Symfony\\Component\\Console\\Application->run(Object(Symfony\\Component\\Console\\Input\\ArgvInput), Object(Symfony\\Component\\Console\\Output\\ConsoleOutput))
#37 C:\\Users\\fjh23\\Desktop\\School\\Year 2 Semester 1\\ITE 5330 php\\Lab9\\inventory-management\\vendor\\laravel\\framework\\src\\Illuminate\\Foundation\\Application.php(1203): Illuminate\\Foundation\\Console\\Kernel->handle(Object(Symfony\\Component\\Console\\Input\\ArgvInput), Object(Symfony\\Component\\Console\\Output\\ConsoleOutput))
#38 C:\\Users\\fjh23\\Desktop\\School\\Year 2 Semester 1\\ITE 5330 php\\Lab9\\inventory-management\\artisan(13): Illuminate\\Foundation\\Application->handleCommand(Object(Symfony\\Component\\Console\\Input\\ArgvInput))
#39 {main}
"} 
[2024-11-06 23:35:55] local.ERROR: SQLSTATE[HY000] [1045] Access denied for user 'root'@'localhost' (using password: YES) (Connection: mysql, SQL: select exists (select 1 from information_schema.tables where table_schema = 'laravel' and table_name = 'migrations' and table_type in ('BASE TABLE', 'SYSTEM VERSIONED')) as `exists`) {"exception":"[object] (Illuminate\\Database\\QueryException(code: 1045): SQLSTATE[HY000] [1045] Access denied for user 'root'@'localhost' (using password: YES) (Connection: mysql, SQL: select exists (select 1 from information_schema.tables where table_schema = 'laravel' and table_name = 'migrations' and table_type in ('BASE TABLE', 'SYSTEM VERSIONED')) as `exists`) at C:\\Users\\fjh23\\Desktop\\School\\Year 2 Semester 1\\ITE 5330 php\\Lab9\\inventory-management\\vendor\\laravel\\framework\\src\\Illuminate\\Database\\Connection.php:825)
[stacktrace]
#0 C:\\Users\\fjh23\\Desktop\\School\\Year 2 Semester 1\\ITE 5330 php\\Lab9\\inventory-management\\vendor\\laravel\\framework\\src\\Illuminate\\Database\\Connection.php(779): Illuminate\\Database\\Connection->runQueryCallback('select exists (...', Array, Object(Closure))
#1 C:\\Users\\fjh23\\Desktop\\School\\Year 2 Semester 1\\ITE 5330 php\\Lab9\\inventory-management\\vendor\\laravel\\framework\\src\\Illuminate\\Database\\Connection.php(398): Illuminate\\Database\\Connection->run('select exists (...', Array, Object(Closure))
#2 C:\\Users\\fjh23\\Desktop\\School\\Year 2 Semester 1\\ITE 5330 php\\Lab9\\inventory-management\\vendor\\laravel\\framework\\src\\Illuminate\\Database\\Connection.php(344): Illuminate\\Database\\Connection->select('select exists (...', Array, true)
#3 C:\\Users\\fjh23\\Desktop\\School\\Year 2 Semester 1\\ITE 5330 php\\Lab9\\inventory-management\\vendor\\laravel\\framework\\src\\Illuminate\\Database\\Connection.php(361): Illuminate\\Database\\Connection->selectOne('select exists (...', Array, true)
#4 C:\\Users\\fjh23\\Desktop\\School\\Year 2 Semester 1\\ITE 5330 php\\Lab9\\inventory-management\\vendor\\laravel\\framework\\src\\Illuminate\\Database\\Schema\\MySqlBuilder.php(45): Illuminate\\Database\\Connection->scalar('select exists (...')
#5 C:\\Users\\fjh23\\Desktop\\School\\Year 2 Semester 1\\ITE 5330 php\\Lab9\\inventory-management\\vendor\\laravel\\framework\\src\\Illuminate\\Database\\Migrations\\DatabaseMigrationRepository.php(184): Illuminate\\Database\\Schema\\MySqlBuilder->hasTable('migrations')
#6 C:\\Users\\fjh23\\Desktop\\School\\Year 2 Semester 1\\ITE 5330 php\\Lab9\\inventory-management\\vendor\\laravel\\framework\\src\\Illuminate\\Database\\Migrations\\Migrator.php(680): Illuminate\\Database\\Migrations\\DatabaseMigrationRepository->repositoryExists()
#7 C:\\Users\\fjh23\\Desktop\\School\\Year 2 Semester 1\\ITE 5330 php\\Lab9\\inventory-management\\vendor\\laravel\\framework\\src\\Illuminate\\Database\\Console\\Migrations\\MigrateCommand.php(164): Illuminate\\Database\\Migrations\\Migrator->repositoryExists()
#8 C:\\Users\\fjh23\\Desktop\\School\\Year 2 Semester 1\\ITE 5330 php\\Lab9\\inventory-management\\vendor\\laravel\\framework\\src\\Illuminate\\Support\\helpers.php(319): Illuminate\\Database\\Console\\Migrations\\MigrateCommand->Illuminate\\Database\\Console\\Migrations\\{closure}(1)
#9 C:\\Users\\fjh23\\Desktop\\School\\Year 2 Semester 1\\ITE 5330 php\\Lab9\\inventory-management\\vendor\\laravel\\framework\\src\\Illuminate\\Database\\Console\\Migrations\\MigrateCommand.php(164): retry(1, Object(Closure), 0, Object(Closure))
#10 C:\\Users\\fjh23\\Desktop\\School\\Year 2 Semester 1\\ITE 5330 php\\Lab9\\inventory-management\\vendor\\laravel\\framework\\src\\Illuminate\\Database\\Console\\Migrations\\MigrateCommand.php(140): Illuminate\\Database\\Console\\Migrations\\MigrateCommand->repositoryExists()
#11 C:\\Users\\fjh23\\Desktop\\School\\Year 2 Semester 1\\ITE 5330 php\\Lab9\\inventory-management\\vendor\\laravel\\framework\\src\\Illuminate\\Database\\Console\\Migrations\\MigrateCommand.php(110): Illuminate\\Database\\Console\\Migrations\\MigrateCommand->prepareDatabase()
#12 C:\\Users\\fjh23\\Desktop\\School\\Year 2 Semester 1\\ITE 5330 php\\Lab9\\inventory-management\\vendor\\laravel\\framework\\src\\Illuminate\\Database\\Migrations\\Migrator.php(615): Illuminate\\Database\\Console\\Migrations\\MigrateCommand->Illuminate\\Database\\Console\\Migrations\\{closure}()
#13 C:\\Users\\fjh23\\Desktop\\School\\Year 2 Semester 1\\ITE 5330 php\\Lab9\\inventory-management\\vendor\\laravel\\framework\\src\\Illuminate\\Database\\Console\\Migrations\\MigrateCommand.php(109): Illuminate\\Database\\Migrations\\Migrator->usingConnection(NULL, Object(Closure))
#14 C:\\Users\\fjh23\\Desktop\\School\\Year 2 Semester 1\\ITE 5330 php\\Lab9\\inventory-management\\vendor\\laravel\\framework\\src\\Illuminate\\Database\\Console\\Migrations\\MigrateCommand.php(88): Illuminate\\Database\\Console\\Migrations\\MigrateCommand->runMigrations()
#15 C:\\Users\\fjh23\\Desktop\\School\\Year 2 Semester 1\\ITE 5330 php\\Lab9\\inventory-management\\vendor\\laravel\\framework\\src\\Illuminate\\Container\\BoundMethod.php(36): Illuminate\\Database\\Console\\Migrations\\MigrateCommand->handle()
#16 C:\\Users\\fjh23\\Desktop\\School\\Year 2 Semester 1\\ITE 5330 php\\Lab9\\inventory-management\\vendor\\laravel\\framework\\src\\Illuminate\\Container\\Util.php(43): Illuminate\\Container\\BoundMethod::Illuminate\\Container\\{closure}()
#17 C:\\Users\\fjh23\\Desktop\\School\\Year 2 Semester 1\\ITE 5330 php\\Lab9\\inventory-management\\vendor\\laravel\\framework\\src\\Illuminate\\Container\\BoundMethod.php(95): Illuminate\\Container\\Util::unwrapIfClosure(Object(Closure))
#18 C:\\Users\\fjh23\\Desktop\\School\\Year 2 Semester 1\\ITE 5330 php\\Lab9\\inventory-management\\vendor\\laravel\\framework\\src\\Illuminate\\Container\\BoundMethod.php(35): Illuminate\\Container\\BoundMethod::callBoundMethod(Object(Illuminate\\Foundation\\Application), Array, Object(Closure))
#19 C:\\Users\\fjh23\\Desktop\\School\\Year 2 Semester 1\\ITE 5330 php\\Lab9\\inventory-management\\vendor\\laravel\\framework\\src\\Illuminate\\Container\\Container.php(690): Illuminate\\Container\\BoundMethod::call(Object(Illuminate\\Foundation\\Application), Array, Array, NULL)
#20 C:\\Users\\fjh23\\Desktop\\School\\Year 2 Semester 1\\ITE 5330 php\\Lab9\\inventory-management\\vendor\\laravel\\framework\\src\\Illuminate\\Console\\Command.php(213): Illuminate\\Container\\Container->call(Array)
#21 C:\\Users\\fjh23\\Desktop\\School\\Year 2 Semester 1\\ITE 5330 php\\Lab9\\inventory-management\\vendor\\symfony\\console\\Command\\Command.php(279): Illuminate\\Console\\Command->execute(Object(Symfony\\Component\\Console\\Input\\ArgvInput), Object(Illuminate\\Console\\OutputStyle))
#22 C:\\Users\\fjh23\\Desktop\\School\\Year 2 Semester 1\\ITE 5330 php\\Lab9\\inventory-management\\vendor\\laravel\\framework\\src\\Illuminate\\Console\\Command.php(182): Symfony\\Component\\Console\\Command\\Command->run(Object(Symfony\\Component\\Console\\Input\\ArgvInput), Object(Illuminate\\Console\\OutputStyle))
#23 C:\\Users\\fjh23\\Desktop\\School\\Year 2 Semester 1\\ITE 5330 php\\Lab9\\inventory-management\\vendor\\symfony\\console\\Application.php(1047): Illuminate\\Console\\Command->run(Object(Symfony\\Component\\Console\\Input\\ArgvInput), Object(Symfony\\Component\\Console\\Output\\ConsoleOutput))
#24 C:\\Users\\fjh23\\Desktop\\School\\Year 2 Semester 1\\ITE 5330 php\\Lab9\\inventory-management\\vendor\\symfony\\console\\Application.php(316): Symfony\\Component\\Console\\Application->doRunCommand(Object(Illuminate\\Database\\Console\\Migrations\\MigrateCommand), Object(Symfony\\Component\\Console\\Input\\ArgvInput), Object(Symfony\\Component\\Console\\Output\\ConsoleOutput))
#25 C:\\Users\\fjh23\\Desktop\\School\\Year 2 Semester 1\\ITE 5330 php\\Lab9\\inventory-management\\vendor\\symfony\\console\\Application.php(167): Symfony\\Component\\Console\\Application->doRun(Object(Symfony\\Component\\Console\\Input\\ArgvInput), Object(Symfony\\Component\\Console\\Output\\ConsoleOutput))
#26 C:\\Users\\fjh23\\Desktop\\School\\Year 2 Semester 1\\ITE 5330 php\\Lab9\\inventory-management\\vendor\\laravel\\framework\\src\\Illuminate\\Foundation\\Console\\Kernel.php(197): Symfony\\Component\\Console\\Application->run(Object(Symfony\\Component\\Console\\Input\\ArgvInput), Object(Symfony\\Component\\Console\\Output\\ConsoleOutput))
#27 C:\\Users\\fjh23\\Desktop\\School\\Year 2 Semester 1\\ITE 5330 php\\Lab9\\inventory-management\\vendor\\laravel\\framework\\src\\Illuminate\\Foundation\\Application.php(1203): Illuminate\\Foundation\\Console\\Kernel->handle(Object(Symfony\\Component\\Console\\Input\\ArgvInput), Object(Symfony\\Component\\Console\\Output\\ConsoleOutput))
#28 C:\\Users\\fjh23\\Desktop\\School\\Year 2 Semester 1\\ITE 5330 php\\Lab9\\inventory-management\\artisan(13): Illuminate\\Foundation\\Application->handleCommand(Object(Symfony\\Component\\Console\\Input\\ArgvInput))
#29 {main}

[previous exception] [object] (PDOException(code: 1045): SQLSTATE[HY000] [1045] Access denied for user 'root'@'localhost' (using password: YES) at C:\\Users\\fjh23\\Desktop\\School\\Year 2 Semester 1\\ITE 5330 php\\Lab9\\inventory-management\\vendor\\laravel\\framework\\src\\Illuminate\\Database\\Connectors\\Connector.php:66)
[stacktrace]
#0 C:\\Users\\fjh23\\Desktop\\School\\Year 2 Semester 1\\ITE 5330 php\\Lab9\\inventory-management\\vendor\\laravel\\framework\\src\\Illuminate\\Database\\Connectors\\Connector.php(66): PDO->__construct('mysql:host=127....', 'root', Object(SensitiveParameterValue), Array)
#1 C:\\Users\\fjh23\\Desktop\\School\\Year 2 Semester 1\\ITE 5330 php\\Lab9\\inventory-management\\vendor\\laravel\\framework\\src\\Illuminate\\Database\\Connectors\\Connector.php(44): Illuminate\\Database\\Connectors\\Connector->createPdoConnection('mysql:host=127....', 'root', '223', Array)
#2 C:\\Users\\fjh23\\Desktop\\School\\Year 2 Semester 1\\ITE 5330 php\\Lab9\\inventory-management\\vendor\\laravel\\framework\\src\\Illuminate\\Database\\Connectors\\MySqlConnector.php(24): Illuminate\\Database\\Connectors\\Connector->createConnection('mysql:host=127....', Array, Array)
#3 C:\\Users\\fjh23\\Desktop\\School\\Year 2 Semester 1\\ITE 5330 php\\Lab9\\inventory-management\\vendor\\laravel\\framework\\src\\Illuminate\\Database\\Connectors\\ConnectionFactory.php(185): Illuminate\\Database\\Connectors\\MySqlConnector->connect(Array)
#4 [internal function]: Illuminate\\Database\\Connectors\\ConnectionFactory->Illuminate\\Database\\Connectors\\{closure}()
#5 C:\\Users\\fjh23\\Desktop\\School\\Year 2 Semester 1\\ITE 5330 php\\Lab9\\inventory-management\\vendor\\laravel\\framework\\src\\Illuminate\\Database\\Connection.php(1231): call_user_func(Object(Closure))
#6 C:\\Users\\fjh23\\Desktop\\School\\Year 2 Semester 1\\ITE 5330 php\\Lab9\\inventory-management\\vendor\\laravel\\framework\\src\\Illuminate\\Database\\Connection.php(1267): Illuminate\\Database\\Connection->getPdo()
#7 C:\\Users\\fjh23\\Desktop\\School\\Year 2 Semester 1\\ITE 5330 php\\Lab9\\inventory-management\\vendor\\laravel\\framework\\src\\Illuminate\\Database\\Connection.php(512): Illuminate\\Database\\Connection->getReadPdo()
#8 C:\\Users\\fjh23\\Desktop\\School\\Year 2 Semester 1\\ITE 5330 php\\Lab9\\inventory-management\\vendor\\laravel\\framework\\src\\Illuminate\\Database\\Connection.php(407): Illuminate\\Database\\Connection->getPdoForSelect(true)
#9 C:\\Users\\fjh23\\Desktop\\School\\Year 2 Semester 1\\ITE 5330 php\\Lab9\\inventory-management\\vendor\\laravel\\framework\\src\\Illuminate\\Database\\Connection.php(812): Illuminate\\Database\\Connection->Illuminate\\Database\\{closure}('select exists (...', Array)
#10 C:\\Users\\fjh23\\Desktop\\School\\Year 2 Semester 1\\ITE 5330 php\\Lab9\\inventory-management\\vendor\\laravel\\framework\\src\\Illuminate\\Database\\Connection.php(779): Illuminate\\Database\\Connection->runQueryCallback('select exists (...', Array, Object(Closure))
#11 C:\\Users\\fjh23\\Desktop\\School\\Year 2 Semester 1\\ITE 5330 php\\Lab9\\inventory-management\\vendor\\laravel\\framework\\src\\Illuminate\\Database\\Connection.php(398): Illuminate\\Database\\Connection->run('select exists (...', Array, Object(Closure))
#12 C:\\Users\\fjh23\\Desktop\\School\\Year 2 Semester 1\\ITE 5330 php\\Lab9\\inventory-management\\vendor\\laravel\\framework\\src\\Illuminate\\Database\\Connection.php(344): Illuminate\\Database\\Connection->select('select exists (...', Array, true)
#13 C:\\Users\\fjh23\\Desktop\\School\\Year 2 Semester 1\\ITE 5330 php\\Lab9\\inventory-management\\vendor\\laravel\\framework\\src\\Illuminate\\Database\\Connection.php(361): Illuminate\\Database\\Connection->selectOne('select exists (...', Array, true)
#14 C:\\Users\\fjh23\\Desktop\\School\\Year 2 Semester 1\\ITE 5330 php\\Lab9\\inventory-management\\vendor\\laravel\\framework\\src\\Illuminate\\Database\\Schema\\MySqlBuilder.php(45): Illuminate\\Database\\Connection->scalar('select exists (...')
#15 C:\\Users\\fjh23\\Desktop\\School\\Year 2 Semester 1\\ITE 5330 php\\Lab9\\inventory-management\\vendor\\laravel\\framework\\src\\Illuminate\\Database\\Migrations\\DatabaseMigrationRepository.php(184): Illuminate\\Database\\Schema\\MySqlBuilder->hasTable('migrations')
#16 C:\\Users\\fjh23\\Desktop\\School\\Year 2 Semester 1\\ITE 5330 php\\Lab9\\inventory-management\\vendor\\laravel\\framework\\src\\Illuminate\\Database\\Migrations\\Migrator.php(680): Illuminate\\Database\\Migrations\\DatabaseMigrationRepository->repositoryExists()
#17 C:\\Users\\fjh23\\Desktop\\School\\Year 2 Semester 1\\ITE 5330 php\\Lab9\\inventory-management\\vendor\\laravel\\framework\\src\\Illuminate\\Database\\Console\\Migrations\\MigrateCommand.php(164): Illuminate\\Database\\Migrations\\Migrator->repositoryExists()
#18 C:\\Users\\fjh23\\Desktop\\School\\Year 2 Semester 1\\ITE 5330 php\\Lab9\\inventory-management\\vendor\\laravel\\framework\\src\\Illuminate\\Support\\helpers.php(319): Illuminate\\Database\\Console\\Migrations\\MigrateCommand->Illuminate\\Database\\Console\\Migrations\\{closure}(1)
#19 C:\\Users\\fjh23\\Desktop\\School\\Year 2 Semester 1\\ITE 5330 php\\Lab9\\inventory-management\\vendor\\laravel\\framework\\src\\Illuminate\\Database\\Console\\Migrations\\MigrateCommand.php(164): retry(1, Object(Closure), 0, Object(Closure))
#20 C:\\Users\\fjh23\\Desktop\\School\\Year 2 Semester 1\\ITE 5330 php\\Lab9\\inventory-management\\vendor\\laravel\\framework\\src\\Illuminate\\Database\\Console\\Migrations\\MigrateCommand.php(140): Illuminate\\Database\\Console\\Migrations\\MigrateCommand->repositoryExists()
#21 C:\\Users\\fjh23\\Desktop\\School\\Year 2 Semester 1\\ITE 5330 php\\Lab9\\inventory-management\\vendor\\laravel\\framework\\src\\Illuminate\\Database\\Console\\Migrations\\MigrateCommand.php(110): Illuminate\\Database\\Console\\Migrations\\MigrateCommand->prepareDatabase()
#22 C:\\Users\\fjh23\\Desktop\\School\\Year 2 Semester 1\\ITE 5330 php\\Lab9\\inventory-management\\vendor\\laravel\\framework\\src\\Illuminate\\Database\\Migrations\\Migrator.php(615): Illuminate\\Database\\Console\\Migrations\\MigrateCommand->Illuminate\\Database\\Console\\Migrations\\{closure}()
#23 C:\\Users\\fjh23\\Desktop\\School\\Year 2 Semester 1\\ITE 5330 php\\Lab9\\inventory-management\\vendor\\laravel\\framework\\src\\Illuminate\\Database\\Console\\Migrations\\MigrateCommand.php(109): Illuminate\\Database\\Migrations\\Migrator->usingConnection(NULL, Object(Closure))
#24 C:\\Users\\fjh23\\Desktop\\School\\Year 2 Semester 1\\ITE 5330 php\\Lab9\\inventory-management\\vendor\\laravel\\framework\\src\\Illuminate\\Database\\Console\\Migrations\\MigrateCommand.php(88): Illuminate\\Database\\Console\\Migrations\\MigrateCommand->runMigrations()
#25 C:\\Users\\fjh23\\Desktop\\School\\Year 2 Semester 1\\ITE 5330 php\\Lab9\\inventory-management\\vendor\\laravel\\framework\\src\\Illuminate\\Container\\BoundMethod.php(36): Illuminate\\Database\\Console\\Migrations\\MigrateCommand->handle()
#26 C:\\Users\\fjh23\\Desktop\\School\\Year 2 Semester 1\\ITE 5330 php\\Lab9\\inventory-management\\vendor\\laravel\\framework\\src\\Illuminate\\Container\\Util.php(43): Illuminate\\Container\\BoundMethod::Illuminate\\Container\\{closure}()
#27 C:\\Users\\fjh23\\Desktop\\School\\Year 2 Semester 1\\ITE 5330 php\\Lab9\\inventory-management\\vendor\\laravel\\framework\\src\\Illuminate\\Container\\BoundMethod.php(95): Illuminate\\Container\\Util::unwrapIfClosure(Object(Closure))
#28 C:\\Users\\fjh23\\Desktop\\School\\Year 2 Semester 1\\ITE 5330 php\\Lab9\\inventory-management\\vendor\\laravel\\framework\\src\\Illuminate\\Container\\BoundMethod.php(35): Illuminate\\Container\\BoundMethod::callBoundMethod(Object(Illuminate\\Foundation\\Application), Array, Object(Closure))
#29 C:\\Users\\fjh23\\Desktop\\School\\Year 2 Semester 1\\ITE 5330 php\\Lab9\\inventory-management\\vendor\\laravel\\framework\\src\\Illuminate\\Container\\Container.php(690): Illuminate\\Container\\BoundMethod::call(Object(Illuminate\\Foundation\\Application), Array, Array, NULL)
#30 C:\\Users\\fjh23\\Desktop\\School\\Year 2 Semester 1\\ITE 5330 php\\Lab9\\inventory-management\\vendor\\laravel\\framework\\src\\Illuminate\\Console\\Command.php(213): Illuminate\\Container\\Container->call(Array)
#31 C:\\Users\\fjh23\\Desktop\\School\\Year 2 Semester 1\\ITE 5330 php\\Lab9\\inventory-management\\vendor\\symfony\\console\\Command\\Command.php(279): Illuminate\\Console\\Command->execute(Object(Symfony\\Component\\Console\\Input\\ArgvInput), Object(Illuminate\\Console\\OutputStyle))
#32 C:\\Users\\fjh23\\Desktop\\School\\Year 2 Semester 1\\ITE 5330 php\\Lab9\\inventory-management\\vendor\\laravel\\framework\\src\\Illuminate\\Console\\Command.php(182): Symfony\\Component\\Console\\Command\\Command->run(Object(Symfony\\Component\\Console\\Input\\ArgvInput), Object(Illuminate\\Console\\OutputStyle))
#33 C:\\Users\\fjh23\\Desktop\\School\\Year 2 Semester 1\\ITE 5330 php\\Lab9\\inventory-management\\vendor\\symfony\\console\\Application.php(1047): Illuminate\\Console\\Command->run(Object(Symfony\\Component\\Console\\Input\\ArgvInput), Object(Symfony\\Component\\Console\\Output\\ConsoleOutput))
#34 C:\\Users\\fjh23\\Desktop\\School\\Year 2 Semester 1\\ITE 5330 php\\Lab9\\inventory-management\\vendor\\symfony\\console\\Application.php(316): Symfony\\Component\\Console\\Application->doRunCommand(Object(Illuminate\\Database\\Console\\Migrations\\MigrateCommand), Object(Symfony\\Component\\Console\\Input\\ArgvInput), Object(Symfony\\Component\\Console\\Output\\ConsoleOutput))
#35 C:\\Users\\fjh23\\Desktop\\School\\Year 2 Semester 1\\ITE 5330 php\\Lab9\\inventory-management\\vendor\\symfony\\console\\Application.php(167): Symfony\\Component\\Console\\Application->doRun(Object(Symfony\\Component\\Console\\Input\\ArgvInput), Object(Symfony\\Component\\Console\\Output\\ConsoleOutput))
#36 C:\\Users\\fjh23\\Desktop\\School\\Year 2 Semester 1\\ITE 5330 php\\Lab9\\inventory-management\\vendor\\laravel\\framework\\src\\Illuminate\\Foundation\\Console\\Kernel.php(197): Symfony\\Component\\Console\\Application->run(Object(Symfony\\Component\\Console\\Input\\ArgvInput), Object(Symfony\\Component\\Console\\Output\\ConsoleOutput))
#37 C:\\Users\\fjh23\\Desktop\\School\\Year 2 Semester 1\\ITE 5330 php\\Lab9\\inventory-management\\vendor\\laravel\\framework\\src\\Illuminate\\Foundation\\Application.php(1203): Illuminate\\Foundation\\Console\\Kernel->handle(Object(Symfony\\Component\\Console\\Input\\ArgvInput), Object(Symfony\\Component\\Console\\Output\\ConsoleOutput))
#38 C:\\Users\\fjh23\\Desktop\\School\\Year 2 Semester 1\\ITE 5330 php\\Lab9\\inventory-management\\artisan(13): Illuminate\\Foundation\\Application->handleCommand(Object(Symfony\\Component\\Console\\Input\\ArgvInput))
#39 {main}
"} 
[2024-11-06 23:41:31] local.ERROR: syntax error, unexpected token ":", expecting end of file {"exception":"[object] (ParseError(code: 0): syntax error, unexpected token \":\", expecting end of file at C:\\Users\\fjh23\\Desktop\\School\\Year 2 Semester 1\\ITE 5330 php\\Lab9\\inventory-management\\routes\\web.php:9)
[stacktrace]
#0 C:\\Users\\fjh23\\Desktop\\School\\Year 2 Semester 1\\ITE 5330 php\\Lab9\\inventory-management\\vendor\\laravel\\framework\\src\\Illuminate\\Routing\\Router.php(513): Illuminate\\Routing\\RouteFileRegistrar->register('C:\\\\Users\\\\fjh23\\\\...')
#1 C:\\Users\\fjh23\\Desktop\\School\\Year 2 Semester 1\\ITE 5330 php\\Lab9\\inventory-management\\vendor\\laravel\\framework\\src\\Illuminate\\Routing\\Router.php(467): Illuminate\\Routing\\Router->loadRoutes('C:\\\\Users\\\\fjh23\\\\...')
#2 C:\\Users\\fjh23\\Desktop\\School\\Year 2 Semester 1\\ITE 5330 php\\Lab9\\inventory-management\\vendor\\laravel\\framework\\src\\Illuminate\\Routing\\RouteRegistrar.php(199): Illuminate\\Routing\\Router->group(Array, 'C:\\\\Users\\\\fjh23\\\\...')
#3 C:\\Users\\fjh23\\Desktop\\School\\Year 2 Semester 1\\ITE 5330 php\\Lab9\\inventory-management\\vendor\\laravel\\framework\\src\\Illuminate\\Foundation\\Configuration\\ApplicationBuilder.php(228): Illuminate\\Routing\\RouteRegistrar->group('C:\\\\Users\\\\fjh23\\\\...')
#4 C:\\Users\\fjh23\\Desktop\\School\\Year 2 Semester 1\\ITE 5330 php\\Lab9\\inventory-management\\vendor\\laravel\\framework\\src\\Illuminate\\Container\\BoundMethod.php(36): Illuminate\\Foundation\\Configuration\\ApplicationBuilder->Illuminate\\Foundation\\Configuration\\{closure}()
#5 C:\\Users\\fjh23\\Desktop\\School\\Year 2 Semester 1\\ITE 5330 php\\Lab9\\inventory-management\\vendor\\laravel\\framework\\src\\Illuminate\\Container\\Util.php(43): Illuminate\\Container\\BoundMethod::Illuminate\\Container\\{closure}()
#6 C:\\Users\\fjh23\\Desktop\\School\\Year 2 Semester 1\\ITE 5330 php\\Lab9\\inventory-management\\vendor\\laravel\\framework\\src\\Illuminate\\Container\\BoundMethod.php(83): Illuminate\\Container\\Util::unwrapIfClosure(Object(Closure))
#7 C:\\Users\\fjh23\\Desktop\\School\\Year 2 Semester 1\\ITE 5330 php\\Lab9\\inventory-management\\vendor\\laravel\\framework\\src\\Illuminate\\Container\\BoundMethod.php(35): Illuminate\\Container\\BoundMethod::callBoundMethod(Object(Illuminate\\Foundation\\Application), Object(Closure), Object(Closure))
#8 C:\\Users\\fjh23\\Desktop\\School\\Year 2 Semester 1\\ITE 5330 php\\Lab9\\inventory-management\\vendor\\laravel\\framework\\src\\Illuminate\\Container\\Container.php(690): Illuminate\\Container\\BoundMethod::call(Object(Illuminate\\Foundation\\Application), Object(Closure), Array, NULL)
#9 C:\\Users\\fjh23\\Desktop\\School\\Year 2 Semester 1\\ITE 5330 php\\Lab9\\inventory-management\\vendor\\laravel\\framework\\src\\Illuminate\\Foundation\\Support\\Providers\\RouteServiceProvider.php(162): Illuminate\\Container\\Container->call(Object(Closure))
#10 C:\\Users\\fjh23\\Desktop\\School\\Year 2 Semester 1\\ITE 5330 php\\Lab9\\inventory-management\\vendor\\laravel\\framework\\src\\Illuminate\\Foundation\\Support\\Providers\\RouteServiceProvider.php(59): Illuminate\\Foundation\\Support\\Providers\\RouteServiceProvider->loadRoutes()
#11 C:\\Users\\fjh23\\Desktop\\School\\Year 2 Semester 1\\ITE 5330 php\\Lab9\\inventory-management\\vendor\\laravel\\framework\\src\\Illuminate\\Container\\BoundMethod.php(36): Illuminate\\Foundation\\Support\\Providers\\RouteServiceProvider->Illuminate\\Foundation\\Support\\Providers\\{closure}()
#12 C:\\Users\\fjh23\\Desktop\\School\\Year 2 Semester 1\\ITE 5330 php\\Lab9\\inventory-management\\vendor\\laravel\\framework\\src\\Illuminate\\Container\\Util.php(43): Illuminate\\Container\\BoundMethod::Illuminate\\Container\\{closure}()
#13 C:\\Users\\fjh23\\Desktop\\School\\Year 2 Semester 1\\ITE 5330 php\\Lab9\\inventory-management\\vendor\\laravel\\framework\\src\\Illuminate\\Container\\BoundMethod.php(83): Illuminate\\Container\\Util::unwrapIfClosure(Object(Closure))
#14 C:\\Users\\fjh23\\Desktop\\School\\Year 2 Semester 1\\ITE 5330 php\\Lab9\\inventory-management\\vendor\\laravel\\framework\\src\\Illuminate\\Container\\BoundMethod.php(35): Illuminate\\Container\\BoundMethod::callBoundMethod(Object(Illuminate\\Foundation\\Application), Object(Closure), Object(Closure))
#15 C:\\Users\\fjh23\\Desktop\\School\\Year 2 Semester 1\\ITE 5330 php\\Lab9\\inventory-management\\vendor\\laravel\\framework\\src\\Illuminate\\Container\\Container.php(690): Illuminate\\Container\\BoundMethod::call(Object(Illuminate\\Foundation\\Application), Object(Closure), Array, NULL)
#16 C:\\Users\\fjh23\\Desktop\\School\\Year 2 Semester 1\\ITE 5330 php\\Lab9\\inventory-management\\vendor\\laravel\\framework\\src\\Illuminate\\Support\\ServiceProvider.php(144): Illuminate\\Container\\Container->call(Object(Closure))
#17 C:\\Users\\fjh23\\Desktop\\School\\Year 2 Semester 1\\ITE 5330 php\\Lab9\\inventory-management\\vendor\\laravel\\framework\\src\\Illuminate\\Foundation\\Application.php(1122): Illuminate\\Support\\ServiceProvider->callBootedCallbacks()
#18 C:\\Users\\fjh23\\Desktop\\School\\Year 2 Semester 1\\ITE 5330 php\\Lab9\\inventory-management\\vendor\\laravel\\framework\\src\\Illuminate\\Foundation\\Application.php(1100): Illuminate\\Foundation\\Application->bootProvider(Object(Illuminate\\Foundation\\Support\\Providers\\RouteServiceProvider))
#19 [internal function]: Illuminate\\Foundation\\Application->Illuminate\\Foundation\\{closure}(Object(Illuminate\\Foundation\\Support\\Providers\\RouteServiceProvider), 'Illuminate\\\\Foun...')
#20 C:\\Users\\fjh23\\Desktop\\School\\Year 2 Semester 1\\ITE 5330 php\\Lab9\\inventory-management\\vendor\\laravel\\framework\\src\\Illuminate\\Foundation\\Application.php(1099): array_walk(Array, Object(Closure))
#21 C:\\Users\\fjh23\\Desktop\\School\\Year 2 Semester 1\\ITE 5330 php\\Lab9\\inventory-management\\vendor\\laravel\\framework\\src\\Illuminate\\Foundation\\Bootstrap\\BootProviders.php(17): Illuminate\\Foundation\\Application->boot()
#22 C:\\Users\\fjh23\\Desktop\\School\\Year 2 Semester 1\\ITE 5330 php\\Lab9\\inventory-management\\vendor\\laravel\\framework\\src\\Illuminate\\Foundation\\Application.php(316): Illuminate\\Foundation\\Bootstrap\\BootProviders->bootstrap(Object(Illuminate\\Foundation\\Application))
#23 C:\\Users\\fjh23\\Desktop\\School\\Year 2 Semester 1\\ITE 5330 php\\Lab9\\inventory-management\\vendor\\laravel\\framework\\src\\Illuminate\\Foundation\\Console\\Kernel.php(473): Illuminate\\Foundation\\Application->bootstrapWith(Array)
#24 C:\\Users\\fjh23\\Desktop\\School\\Year 2 Semester 1\\ITE 5330 php\\Lab9\\inventory-management\\vendor\\laravel\\framework\\src\\Illuminate\\Foundation\\Console\\Kernel.php(195): Illuminate\\Foundation\\Console\\Kernel->bootstrap()
#25 C:\\Users\\fjh23\\Desktop\\School\\Year 2 Semester 1\\ITE 5330 php\\Lab9\\inventory-management\\vendor\\laravel\\framework\\src\\Illuminate\\Foundation\\Application.php(1203): Illuminate\\Foundation\\Console\\Kernel->handle(Object(Symfony\\Component\\Console\\Input\\ArgvInput), Object(Symfony\\Component\\Console\\Output\\ConsoleOutput))
#26 C:\\Users\\fjh23\\Desktop\\School\\Year 2 Semester 1\\ITE 5330 php\\Lab9\\inventory-management\\artisan(13): Illuminate\\Foundation\\Application->handleCommand(Object(Symfony\\Component\\Console\\Input\\ArgvInput))
#27 {main}
"} 
[2024-11-06 23:44:44] local.ERROR: syntax error, unexpected token ":", expecting end of file {"exception":"[object] (ParseError(code: 0): syntax error, unexpected token \":\", expecting end of file at C:\\Users\\fjh23\\Desktop\\School\\Year 2 Semester 1\\ITE 5330 php\\Lab9\\inventory-management\\routes\\web.php:9)
[stacktrace]
#0 C:\\Users\\fjh23\\Desktop\\School\\Year 2 Semester 1\\ITE 5330 php\\Lab9\\inventory-management\\vendor\\laravel\\framework\\src\\Illuminate\\Routing\\Router.php(513): Illuminate\\Routing\\RouteFileRegistrar->register('C:\\\\Users\\\\fjh23\\\\...')
#1 C:\\Users\\fjh23\\Desktop\\School\\Year 2 Semester 1\\ITE 5330 php\\Lab9\\inventory-management\\vendor\\laravel\\framework\\src\\Illuminate\\Routing\\Router.php(467): Illuminate\\Routing\\Router->loadRoutes('C:\\\\Users\\\\fjh23\\\\...')
#2 C:\\Users\\fjh23\\Desktop\\School\\Year 2 Semester 1\\ITE 5330 php\\Lab9\\inventory-management\\vendor\\laravel\\framework\\src\\Illuminate\\Routing\\RouteRegistrar.php(199): Illuminate\\Routing\\Router->group(Array, 'C:\\\\Users\\\\fjh23\\\\...')
#3 C:\\Users\\fjh23\\Desktop\\School\\Year 2 Semester 1\\ITE 5330 php\\Lab9\\inventory-management\\vendor\\laravel\\framework\\src\\Illuminate\\Foundation\\Configuration\\ApplicationBuilder.php(228): Illuminate\\Routing\\RouteRegistrar->group('C:\\\\Users\\\\fjh23\\\\...')
#4 C:\\Users\\fjh23\\Desktop\\School\\Year 2 Semester 1\\ITE 5330 php\\Lab9\\inventory-management\\vendor\\laravel\\framework\\src\\Illuminate\\Container\\BoundMethod.php(36): Illuminate\\Foundation\\Configuration\\ApplicationBuilder->Illuminate\\Foundation\\Configuration\\{closure}()
#5 C:\\Users\\fjh23\\Desktop\\School\\Year 2 Semester 1\\ITE 5330 php\\Lab9\\inventory-management\\vendor\\laravel\\framework\\src\\Illuminate\\Container\\Util.php(43): Illuminate\\Container\\BoundMethod::Illuminate\\Container\\{closure}()
#6 C:\\Users\\fjh23\\Desktop\\School\\Year 2 Semester 1\\ITE 5330 php\\Lab9\\inventory-management\\vendor\\laravel\\framework\\src\\Illuminate\\Container\\BoundMethod.php(83): Illuminate\\Container\\Util::unwrapIfClosure(Object(Closure))
#7 C:\\Users\\fjh23\\Desktop\\School\\Year 2 Semester 1\\ITE 5330 php\\Lab9\\inventory-management\\vendor\\laravel\\framework\\src\\Illuminate\\Container\\BoundMethod.php(35): Illuminate\\Container\\BoundMethod::callBoundMethod(Object(Illuminate\\Foundation\\Application), Object(Closure), Object(Closure))
#8 C:\\Users\\fjh23\\Desktop\\School\\Year 2 Semester 1\\ITE 5330 php\\Lab9\\inventory-management\\vendor\\laravel\\framework\\src\\Illuminate\\Container\\Container.php(690): Illuminate\\Container\\BoundMethod::call(Object(Illuminate\\Foundation\\Application), Object(Closure), Array, NULL)
#9 C:\\Users\\fjh23\\Desktop\\School\\Year 2 Semester 1\\ITE 5330 php\\Lab9\\inventory-management\\vendor\\laravel\\framework\\src\\Illuminate\\Foundation\\Support\\Providers\\RouteServiceProvider.php(162): Illuminate\\Container\\Container->call(Object(Closure))
#10 C:\\Users\\fjh23\\Desktop\\School\\Year 2 Semester 1\\ITE 5330 php\\Lab9\\inventory-management\\vendor\\laravel\\framework\\src\\Illuminate\\Foundation\\Support\\Providers\\RouteServiceProvider.php(59): Illuminate\\Foundation\\Support\\Providers\\RouteServiceProvider->loadRoutes()
#11 C:\\Users\\fjh23\\Desktop\\School\\Year 2 Semester 1\\ITE 5330 php\\Lab9\\inventory-management\\vendor\\laravel\\framework\\src\\Illuminate\\Container\\BoundMethod.php(36): Illuminate\\Foundation\\Support\\Providers\\RouteServiceProvider->Illuminate\\Foundation\\Support\\Providers\\{closure}()
#12 C:\\Users\\fjh23\\Desktop\\School\\Year 2 Semester 1\\ITE 5330 php\\Lab9\\inventory-management\\vendor\\laravel\\framework\\src\\Illuminate\\Container\\Util.php(43): Illuminate\\Container\\BoundMethod::Illuminate\\Container\\{closure}()
#13 C:\\Users\\fjh23\\Desktop\\School\\Year 2 Semester 1\\ITE 5330 php\\Lab9\\inventory-management\\vendor\\laravel\\framework\\src\\Illuminate\\Container\\BoundMethod.php(83): Illuminate\\Container\\Util::unwrapIfClosure(Object(Closure))
#14 C:\\Users\\fjh23\\Desktop\\School\\Year 2 Semester 1\\ITE 5330 php\\Lab9\\inventory-management\\vendor\\laravel\\framework\\src\\Illuminate\\Container\\BoundMethod.php(35): Illuminate\\Container\\BoundMethod::callBoundMethod(Object(Illuminate\\Foundation\\Application), Object(Closure), Object(Closure))
#15 C:\\Users\\fjh23\\Desktop\\School\\Year 2 Semester 1\\ITE 5330 php\\Lab9\\inventory-management\\vendor\\laravel\\framework\\src\\Illuminate\\Container\\Container.php(690): Illuminate\\Container\\BoundMethod::call(Object(Illuminate\\Foundation\\Application), Object(Closure), Array, NULL)
#16 C:\\Users\\fjh23\\Desktop\\School\\Year 2 Semester 1\\ITE 5330 php\\Lab9\\inventory-management\\vendor\\laravel\\framework\\src\\Illuminate\\Support\\ServiceProvider.php(144): Illuminate\\Container\\Container->call(Object(Closure))
#17 C:\\Users\\fjh23\\Desktop\\School\\Year 2 Semester 1\\ITE 5330 php\\Lab9\\inventory-management\\vendor\\laravel\\framework\\src\\Illuminate\\Foundation\\Application.php(1122): Illuminate\\Support\\ServiceProvider->callBootedCallbacks()
#18 C:\\Users\\fjh23\\Desktop\\School\\Year 2 Semester 1\\ITE 5330 php\\Lab9\\inventory-management\\vendor\\laravel\\framework\\src\\Illuminate\\Foundation\\Application.php(1100): Illuminate\\Foundation\\Application->bootProvider(Object(Illuminate\\Foundation\\Support\\Providers\\RouteServiceProvider))
#19 [internal function]: Illuminate\\Foundation\\Application->Illuminate\\Foundation\\{closure}(Object(Illuminate\\Foundation\\Support\\Providers\\RouteServiceProvider), 'Illuminate\\\\Foun...')
#20 C:\\Users\\fjh23\\Desktop\\School\\Year 2 Semester 1\\ITE 5330 php\\Lab9\\inventory-management\\vendor\\laravel\\framework\\src\\Illuminate\\Foundation\\Application.php(1099): array_walk(Array, Object(Closure))
#21 C:\\Users\\fjh23\\Desktop\\School\\Year 2 Semester 1\\ITE 5330 php\\Lab9\\inventory-management\\vendor\\laravel\\framework\\src\\Illuminate\\Foundation\\Bootstrap\\BootProviders.php(17): Illuminate\\Foundation\\Application->boot()
#22 C:\\Users\\fjh23\\Desktop\\School\\Year 2 Semester 1\\ITE 5330 php\\Lab9\\inventory-management\\vendor\\laravel\\framework\\src\\Illuminate\\Foundation\\Application.php(316): Illuminate\\Foundation\\Bootstrap\\BootProviders->bootstrap(Object(Illuminate\\Foundation\\Application))
#23 C:\\Users\\fjh23\\Desktop\\School\\Year 2 Semester 1\\ITE 5330 php\\Lab9\\inventory-management\\vendor\\laravel\\framework\\src\\Illuminate\\Foundation\\Console\\Kernel.php(473): Illuminate\\Foundation\\Application->bootstrapWith(Array)
#24 C:\\Users\\fjh23\\Desktop\\School\\Year 2 Semester 1\\ITE 5330 php\\Lab9\\inventory-management\\vendor\\laravel\\framework\\src\\Illuminate\\Foundation\\Console\\Kernel.php(195): Illuminate\\Foundation\\Console\\Kernel->bootstrap()
#25 C:\\Users\\fjh23\\Desktop\\School\\Year 2 Semester 1\\ITE 5330 php\\Lab9\\inventory-management\\vendor\\laravel\\framework\\src\\Illuminate\\Foundation\\Application.php(1203): Illuminate\\Foundation\\Console\\Kernel->handle(Object(Symfony\\Component\\Console\\Input\\ArgvInput), Object(Symfony\\Component\\Console\\Output\\ConsoleOutput))
#26 C:\\Users\\fjh23\\Desktop\\School\\Year 2 Semester 1\\ITE 5330 php\\Lab9\\inventory-management\\artisan(13): Illuminate\\Foundation\\Application->handleCommand(Object(Symfony\\Component\\Console\\Input\\ArgvInput))
#27 {main}
"} 
[2024-11-06 23:46:48] local.ERROR: syntax error, unexpected token ":", expecting end of file {"exception":"[object] (ParseError(code: 0): syntax error, unexpected token \":\", expecting end of file at C:\\Users\\fjh23\\Desktop\\School\\Year 2 Semester 1\\ITE 5330 php\\Lab9\\inventory-management\\routes\\web.php:9)
[stacktrace]
#0 C:\\Users\\fjh23\\Desktop\\School\\Year 2 Semester 1\\ITE 5330 php\\Lab9\\inventory-management\\vendor\\laravel\\framework\\src\\Illuminate\\Routing\\Router.php(513): Illuminate\\Routing\\RouteFileRegistrar->register('C:\\\\Users\\\\fjh23\\\\...')
#1 C:\\Users\\fjh23\\Desktop\\School\\Year 2 Semester 1\\ITE 5330 php\\Lab9\\inventory-management\\vendor\\laravel\\framework\\src\\Illuminate\\Routing\\Router.php(467): Illuminate\\Routing\\Router->loadRoutes('C:\\\\Users\\\\fjh23\\\\...')
#2 C:\\Users\\fjh23\\Desktop\\School\\Year 2 Semester 1\\ITE 5330 php\\Lab9\\inventory-management\\vendor\\laravel\\framework\\src\\Illuminate\\Routing\\RouteRegistrar.php(199): Illuminate\\Routing\\Router->group(Array, 'C:\\\\Users\\\\fjh23\\\\...')
#3 C:\\Users\\fjh23\\Desktop\\School\\Year 2 Semester 1\\ITE 5330 php\\Lab9\\inventory-management\\vendor\\laravel\\framework\\src\\Illuminate\\Foundation\\Configuration\\ApplicationBuilder.php(228): Illuminate\\Routing\\RouteRegistrar->group('C:\\\\Users\\\\fjh23\\\\...')
#4 C:\\Users\\fjh23\\Desktop\\School\\Year 2 Semester 1\\ITE 5330 php\\Lab9\\inventory-management\\vendor\\laravel\\framework\\src\\Illuminate\\Container\\BoundMethod.php(36): Illuminate\\Foundation\\Configuration\\ApplicationBuilder->Illuminate\\Foundation\\Configuration\\{closure}()
#5 C:\\Users\\fjh23\\Desktop\\School\\Year 2 Semester 1\\ITE 5330 php\\Lab9\\inventory-management\\vendor\\laravel\\framework\\src\\Illuminate\\Container\\Util.php(43): Illuminate\\Container\\BoundMethod::Illuminate\\Container\\{closure}()
#6 C:\\Users\\fjh23\\Desktop\\School\\Year 2 Semester 1\\ITE 5330 php\\Lab9\\inventory-management\\vendor\\laravel\\framework\\src\\Illuminate\\Container\\BoundMethod.php(83): Illuminate\\Container\\Util::unwrapIfClosure(Object(Closure))
#7 C:\\Users\\fjh23\\Desktop\\School\\Year 2 Semester 1\\ITE 5330 php\\Lab9\\inventory-management\\vendor\\laravel\\framework\\src\\Illuminate\\Container\\BoundMethod.php(35): Illuminate\\Container\\BoundMethod::callBoundMethod(Object(Illuminate\\Foundation\\Application), Object(Closure), Object(Closure))
#8 C:\\Users\\fjh23\\Desktop\\School\\Year 2 Semester 1\\ITE 5330 php\\Lab9\\inventory-management\\vendor\\laravel\\framework\\src\\Illuminate\\Container\\Container.php(690): Illuminate\\Container\\BoundMethod::call(Object(Illuminate\\Foundation\\Application), Object(Closure), Array, NULL)
#9 C:\\Users\\fjh23\\Desktop\\School\\Year 2 Semester 1\\ITE 5330 php\\Lab9\\inventory-management\\vendor\\laravel\\framework\\src\\Illuminate\\Foundation\\Support\\Providers\\RouteServiceProvider.php(162): Illuminate\\Container\\Container->call(Object(Closure))
#10 C:\\Users\\fjh23\\Desktop\\School\\Year 2 Semester 1\\ITE 5330 php\\Lab9\\inventory-management\\vendor\\laravel\\framework\\src\\Illuminate\\Foundation\\Support\\Providers\\RouteServiceProvider.php(59): Illuminate\\Foundation\\Support\\Providers\\RouteServiceProvider->loadRoutes()
#11 C:\\Users\\fjh23\\Desktop\\School\\Year 2 Semester 1\\ITE 5330 php\\Lab9\\inventory-management\\vendor\\laravel\\framework\\src\\Illuminate\\Container\\BoundMethod.php(36): Illuminate\\Foundation\\Support\\Providers\\RouteServiceProvider->Illuminate\\Foundation\\Support\\Providers\\{closure}()
#12 C:\\Users\\fjh23\\Desktop\\School\\Year 2 Semester 1\\ITE 5330 php\\Lab9\\inventory-management\\vendor\\laravel\\framework\\src\\Illuminate\\Container\\Util.php(43): Illuminate\\Container\\BoundMethod::Illuminate\\Container\\{closure}()
#13 C:\\Users\\fjh23\\Desktop\\School\\Year 2 Semester 1\\ITE 5330 php\\Lab9\\inventory-management\\vendor\\laravel\\framework\\src\\Illuminate\\Container\\BoundMethod.php(83): Illuminate\\Container\\Util::unwrapIfClosure(Object(Closure))
#14 C:\\Users\\fjh23\\Desktop\\School\\Year 2 Semester 1\\ITE 5330 php\\Lab9\\inventory-management\\vendor\\laravel\\framework\\src\\Illuminate\\Container\\BoundMethod.php(35): Illuminate\\Container\\BoundMethod::callBoundMethod(Object(Illuminate\\Foundation\\Application), Object(Closure), Object(Closure))
#15 C:\\Users\\fjh23\\Desktop\\School\\Year 2 Semester 1\\ITE 5330 php\\Lab9\\inventory-management\\vendor\\laravel\\framework\\src\\Illuminate\\Container\\Container.php(690): Illuminate\\Container\\BoundMethod::call(Object(Illuminate\\Foundation\\Application), Object(Closure), Array, NULL)
#16 C:\\Users\\fjh23\\Desktop\\School\\Year 2 Semester 1\\ITE 5330 php\\Lab9\\inventory-management\\vendor\\laravel\\framework\\src\\Illuminate\\Support\\ServiceProvider.php(144): Illuminate\\Container\\Container->call(Object(Closure))
#17 C:\\Users\\fjh23\\Desktop\\School\\Year 2 Semester 1\\ITE 5330 php\\Lab9\\inventory-management\\vendor\\laravel\\framework\\src\\Illuminate\\Foundation\\Application.php(1122): Illuminate\\Support\\ServiceProvider->callBootedCallbacks()
#18 C:\\Users\\fjh23\\Desktop\\School\\Year 2 Semester 1\\ITE 5330 php\\Lab9\\inventory-management\\vendor\\laravel\\framework\\src\\Illuminate\\Foundation\\Application.php(1100): Illuminate\\Foundation\\Application->bootProvider(Object(Illuminate\\Foundation\\Support\\Providers\\RouteServiceProvider))
#19 [internal function]: Illuminate\\Foundation\\Application->Illuminate\\Foundation\\{closure}(Object(Illuminate\\Foundation\\Support\\Providers\\RouteServiceProvider), 'Illuminate\\\\Foun...')
#20 C:\\Users\\fjh23\\Desktop\\School\\Year 2 Semester 1\\ITE 5330 php\\Lab9\\inventory-management\\vendor\\laravel\\framework\\src\\Illuminate\\Foundation\\Application.php(1099): array_walk(Array, Object(Closure))
#21 C:\\Users\\fjh23\\Desktop\\School\\Year 2 Semester 1\\ITE 5330 php\\Lab9\\inventory-management\\vendor\\laravel\\framework\\src\\Illuminate\\Foundation\\Bootstrap\\BootProviders.php(17): Illuminate\\Foundation\\Application->boot()
#22 C:\\Users\\fjh23\\Desktop\\School\\Year 2 Semester 1\\ITE 5330 php\\Lab9\\inventory-management\\vendor\\laravel\\framework\\src\\Illuminate\\Foundation\\Application.php(316): Illuminate\\Foundation\\Bootstrap\\BootProviders->bootstrap(Object(Illuminate\\Foundation\\Application))
#23 C:\\Users\\fjh23\\Desktop\\School\\Year 2 Semester 1\\ITE 5330 php\\Lab9\\inventory-management\\vendor\\laravel\\framework\\src\\Illuminate\\Foundation\\Console\\Kernel.php(473): Illuminate\\Foundation\\Application->bootstrapWith(Array)
#24 C:\\Users\\fjh23\\Desktop\\School\\Year 2 Semester 1\\ITE 5330 php\\Lab9\\inventory-management\\vendor\\laravel\\framework\\src\\Illuminate\\Foundation\\Console\\Kernel.php(195): Illuminate\\Foundation\\Console\\Kernel->bootstrap()
#25 C:\\Users\\fjh23\\Desktop\\School\\Year 2 Semester 1\\ITE 5330 php\\Lab9\\inventory-management\\vendor\\laravel\\framework\\src\\Illuminate\\Foundation\\Application.php(1203): Illuminate\\Foundation\\Console\\Kernel->handle(Object(Symfony\\Component\\Console\\Input\\ArgvInput), Object(Symfony\\Component\\Console\\Output\\ConsoleOutput))
#26 C:\\Users\\fjh23\\Desktop\\School\\Year 2 Semester 1\\ITE 5330 php\\Lab9\\inventory-management\\artisan(13): Illuminate\\Foundation\\Application->handleCommand(Object(Symfony\\Component\\Console\\Input\\ArgvInput))
#27 {main}
"} 
[2024-11-06 23:46:48] local.ERROR: syntax error, unexpected token ":", expecting end of file {"exception":"[object] (ParseError(code: 0): syntax error, unexpected token \":\", expecting end of file at C:\\Users\\fjh23\\Desktop\\School\\Year 2 Semester 1\\ITE 5330 php\\Lab9\\inventory-management\\routes\\web.php:9)
[stacktrace]
#0 C:\\Users\\fjh23\\Desktop\\School\\Year 2 Semester 1\\ITE 5330 php\\Lab9\\inventory-management\\vendor\\laravel\\framework\\src\\Illuminate\\Routing\\Router.php(513): Illuminate\\Routing\\RouteFileRegistrar->register('C:\\\\Users\\\\fjh23\\\\...')
#1 C:\\Users\\fjh23\\Desktop\\School\\Year 2 Semester 1\\ITE 5330 php\\Lab9\\inventory-management\\vendor\\laravel\\framework\\src\\Illuminate\\Routing\\Router.php(467): Illuminate\\Routing\\Router->loadRoutes('C:\\\\Users\\\\fjh23\\\\...')
#2 C:\\Users\\fjh23\\Desktop\\School\\Year 2 Semester 1\\ITE 5330 php\\Lab9\\inventory-management\\vendor\\laravel\\framework\\src\\Illuminate\\Routing\\RouteRegistrar.php(199): Illuminate\\Routing\\Router->group(Array, 'C:\\\\Users\\\\fjh23\\\\...')
#3 C:\\Users\\fjh23\\Desktop\\School\\Year 2 Semester 1\\ITE 5330 php\\Lab9\\inventory-management\\vendor\\laravel\\framework\\src\\Illuminate\\Foundation\\Configuration\\ApplicationBuilder.php(228): Illuminate\\Routing\\RouteRegistrar->group('C:\\\\Users\\\\fjh23\\\\...')
#4 C:\\Users\\fjh23\\Desktop\\School\\Year 2 Semester 1\\ITE 5330 php\\Lab9\\inventory-management\\vendor\\laravel\\framework\\src\\Illuminate\\Container\\BoundMethod.php(36): Illuminate\\Foundation\\Configuration\\ApplicationBuilder->Illuminate\\Foundation\\Configuration\\{closure}()
#5 C:\\Users\\fjh23\\Desktop\\School\\Year 2 Semester 1\\ITE 5330 php\\Lab9\\inventory-management\\vendor\\laravel\\framework\\src\\Illuminate\\Container\\Util.php(43): Illuminate\\Container\\BoundMethod::Illuminate\\Container\\{closure}()
#6 C:\\Users\\fjh23\\Desktop\\School\\Year 2 Semester 1\\ITE 5330 php\\Lab9\\inventory-management\\vendor\\laravel\\framework\\src\\Illuminate\\Container\\BoundMethod.php(83): Illuminate\\Container\\Util::unwrapIfClosure(Object(Closure))
#7 C:\\Users\\fjh23\\Desktop\\School\\Year 2 Semester 1\\ITE 5330 php\\Lab9\\inventory-management\\vendor\\laravel\\framework\\src\\Illuminate\\Container\\BoundMethod.php(35): Illuminate\\Container\\BoundMethod::callBoundMethod(Object(Illuminate\\Foundation\\Application), Object(Closure), Object(Closure))
#8 C:\\Users\\fjh23\\Desktop\\School\\Year 2 Semester 1\\ITE 5330 php\\Lab9\\inventory-management\\vendor\\laravel\\framework\\src\\Illuminate\\Container\\Container.php(690): Illuminate\\Container\\BoundMethod::call(Object(Illuminate\\Foundation\\Application), Object(Closure), Array, NULL)
#9 C:\\Users\\fjh23\\Desktop\\School\\Year 2 Semester 1\\ITE 5330 php\\Lab9\\inventory-management\\vendor\\laravel\\framework\\src\\Illuminate\\Foundation\\Support\\Providers\\RouteServiceProvider.php(162): Illuminate\\Container\\Container->call(Object(Closure))
#10 C:\\Users\\fjh23\\Desktop\\School\\Year 2 Semester 1\\ITE 5330 php\\Lab9\\inventory-management\\vendor\\laravel\\framework\\src\\Illuminate\\Foundation\\Support\\Providers\\RouteServiceProvider.php(59): Illuminate\\Foundation\\Support\\Providers\\RouteServiceProvider->loadRoutes()
#11 C:\\Users\\fjh23\\Desktop\\School\\Year 2 Semester 1\\ITE 5330 php\\Lab9\\inventory-management\\vendor\\laravel\\framework\\src\\Illuminate\\Container\\BoundMethod.php(36): Illuminate\\Foundation\\Support\\Providers\\RouteServiceProvider->Illuminate\\Foundation\\Support\\Providers\\{closure}()
#12 C:\\Users\\fjh23\\Desktop\\School\\Year 2 Semester 1\\ITE 5330 php\\Lab9\\inventory-management\\vendor\\laravel\\framework\\src\\Illuminate\\Container\\Util.php(43): Illuminate\\Container\\BoundMethod::Illuminate\\Container\\{closure}()
#13 C:\\Users\\fjh23\\Desktop\\School\\Year 2 Semester 1\\ITE 5330 php\\Lab9\\inventory-management\\vendor\\laravel\\framework\\src\\Illuminate\\Container\\BoundMethod.php(83): Illuminate\\Container\\Util::unwrapIfClosure(Object(Closure))
#14 C:\\Users\\fjh23\\Desktop\\School\\Year 2 Semester 1\\ITE 5330 php\\Lab9\\inventory-management\\vendor\\laravel\\framework\\src\\Illuminate\\Container\\BoundMethod.php(35): Illuminate\\Container\\BoundMethod::callBoundMethod(Object(Illuminate\\Foundation\\Application), Object(Closure), Object(Closure))
#15 C:\\Users\\fjh23\\Desktop\\School\\Year 2 Semester 1\\ITE 5330 php\\Lab9\\inventory-management\\vendor\\laravel\\framework\\src\\Illuminate\\Container\\Container.php(690): Illuminate\\Container\\BoundMethod::call(Object(Illuminate\\Foundation\\Application), Object(Closure), Array, NULL)
#16 C:\\Users\\fjh23\\Desktop\\School\\Year 2 Semester 1\\ITE 5330 php\\Lab9\\inventory-management\\vendor\\laravel\\framework\\src\\Illuminate\\Support\\ServiceProvider.php(144): Illuminate\\Container\\Container->call(Object(Closure))
#17 C:\\Users\\fjh23\\Desktop\\School\\Year 2 Semester 1\\ITE 5330 php\\Lab9\\inventory-management\\vendor\\laravel\\framework\\src\\Illuminate\\Foundation\\Application.php(1122): Illuminate\\Support\\ServiceProvider->callBootedCallbacks()
#18 C:\\Users\\fjh23\\Desktop\\School\\Year 2 Semester 1\\ITE 5330 php\\Lab9\\inventory-management\\vendor\\laravel\\framework\\src\\Illuminate\\Foundation\\Application.php(1100): Illuminate\\Foundation\\Application->bootProvider(Object(Illuminate\\Foundation\\Support\\Providers\\RouteServiceProvider))
#19 [internal function]: Illuminate\\Foundation\\Application->Illuminate\\Foundation\\{closure}(Object(Illuminate\\Foundation\\Support\\Providers\\RouteServiceProvider), 'Illuminate\\\\Foun...')
#20 C:\\Users\\fjh23\\Desktop\\School\\Year 2 Semester 1\\ITE 5330 php\\Lab9\\inventory-management\\vendor\\laravel\\framework\\src\\Illuminate\\Foundation\\Application.php(1099): array_walk(Array, Object(Closure))
#21 C:\\Users\\fjh23\\Desktop\\School\\Year 2 Semester 1\\ITE 5330 php\\Lab9\\inventory-management\\vendor\\laravel\\framework\\src\\Illuminate\\Foundation\\Bootstrap\\BootProviders.php(17): Illuminate\\Foundation\\Application->boot()
#22 C:\\Users\\fjh23\\Desktop\\School\\Year 2 Semester 1\\ITE 5330 php\\Lab9\\inventory-management\\vendor\\laravel\\framework\\src\\Illuminate\\Foundation\\Application.php(316): Illuminate\\Foundation\\Bootstrap\\BootProviders->bootstrap(Object(Illuminate\\Foundation\\Application))
#23 C:\\Users\\fjh23\\Desktop\\School\\Year 2 Semester 1\\ITE 5330 php\\Lab9\\inventory-management\\vendor\\laravel\\framework\\src\\Illuminate\\Foundation\\Console\\Kernel.php(473): Illuminate\\Foundation\\Application->bootstrapWith(Array)
#24 C:\\Users\\fjh23\\Desktop\\School\\Year 2 Semester 1\\ITE 5330 php\\Lab9\\inventory-management\\vendor\\laravel\\framework\\src\\Illuminate\\Foundation\\Console\\Kernel.php(195): Illuminate\\Foundation\\Console\\Kernel->bootstrap()
#25 C:\\Users\\fjh23\\Desktop\\School\\Year 2 Semester 1\\ITE 5330 php\\Lab9\\inventory-management\\vendor\\laravel\\framework\\src\\Illuminate\\Foundation\\Application.php(1203): Illuminate\\Foundation\\Console\\Kernel->handle(Object(Symfony\\Component\\Console\\Input\\ArgvInput), Object(Symfony\\Component\\Console\\Output\\ConsoleOutput))
#26 C:\\Users\\fjh23\\Desktop\\School\\Year 2 Semester 1\\ITE 5330 php\\Lab9\\inventory-management\\artisan(13): Illuminate\\Foundation\\Application->handleCommand(Object(Symfony\\Component\\Console\\Input\\ArgvInput))
#27 {main}
"} 
